<?xml version="1.0" encoding="UTF-8"?>
<!-- Generated by org.testng.reporters.JUnitXMLReporter -->
<testsuite ignored="4" hostname="LTIN489131" failures="0" tests="3" name="Test" time="82.423" errors="0" timestamp="2024-05-05T23:00:36 IST">
  <testcase classname="testCases.TC_001_IdentifyCourses" name="IdentifyCoursesValidation" time="69.78"/>
  <testcase classname="testCases.TC_002_Explore" name="exploreValidation" time="2.783"/>
  <testcase classname="testCases.TC_003_ForBusiness" name="enterpriseValidation" time="8.876"/>
  <testcase classname="testBase.BaseClass" name="@BeforeSuite setup" time="0.0">
    <ignored/>
  </testcase> <!-- @BeforeSuite setup -->
  <testcase classname="testBase.BaseClass" name="@BeforeSuite setup" time="0.0">
    <ignored/>
  </testcase> <!-- @BeforeSuite setup -->
  <testcase classname="testBase.BaseClass" name="@AfterSuite tearDown" time="0.0">
    <ignored/>
  </testcase> <!-- @AfterSuite tearDown -->
  <testcase classname="testBase.BaseClass" name="@AfterSuite tearDown" time="0.0">
    <ignored/>
  </testcase> <!-- @AfterSuite tearDown -->
</testsuite> <!-- Test -->
