<?xml version="1.0" encoding="UTF-8"?>
<testng-results ignored="0" total="3" passed="3" failed="0" skipped="0">
  <reporter-output>
  </reporter-output>
  <suite started-at="2024-05-05T22:59:13 IST" name="Suite" finished-at="2024-05-05T23:00:35 IST" duration-ms="82423">
    <groups>
    </groups>
    <test started-at="2024-05-05T22:59:13 IST" name="Test" finished-at="2024-05-05T23:00:35 IST" duration-ms="82423">
      <class name="testCases.TC_001_IdentifyCourses">
        <test-method is-config="true" signature="setup()[pri:0, instance:testCases.TC_001_IdentifyCourses@9d5509a]" started-at="2024-05-05T22:58:59 IST" name="setup" finished-at="2024-05-05T22:59:13 IST" duration-ms="13714" status="PASS">
          <reporter-output>
          </reporter-output>
        </test-method> <!-- setup -->
        <test-method signature="IdentifyCoursesValidation()[pri:0, instance:testCases.TC_001_IdentifyCourses@9d5509a]" started-at="2024-05-05T22:59:13 IST" name="IdentifyCoursesValidation" finished-at="2024-05-05T23:00:23 IST" duration-ms="69780" status="PASS">
          <reporter-output>
          </reporter-output>
        </test-method> <!-- IdentifyCoursesValidation -->
        <test-method is-config="true" signature="tearDown()[pri:0, instance:testCases.TC_001_IdentifyCourses@9d5509a]" started-at="2024-05-05T23:00:36 IST" name="tearDown" finished-at="2024-05-05T23:00:37 IST" duration-ms="1349" status="PASS">
          <reporter-output>
          </reporter-output>
        </test-method> <!-- tearDown -->
      </class> <!-- testCases.TC_001_IdentifyCourses -->
      <class name="testCases.TC_002_Explore">
        <test-method signature="exploreValidation()[pri:0, instance:testCases.TC_002_Explore@4116aac9]" started-at="2024-05-05T23:00:23 IST" name="exploreValidation" finished-at="2024-05-05T23:00:26 IST" duration-ms="2783" status="PASS">
          <reporter-output>
          </reporter-output>
        </test-method> <!-- exploreValidation -->
      </class> <!-- testCases.TC_002_Explore -->
      <class name="testCases.TC_003_ForBusiness">
        <test-method signature="enterpriseValidation()[pri:0, instance:testCases.TC_003_ForBusiness@62ddbd7e]" started-at="2024-05-05T23:00:26 IST" name="enterpriseValidation" finished-at="2024-05-05T23:00:35 IST" duration-ms="8876" status="PASS">
          <reporter-output>
          </reporter-output>
        </test-method> <!-- enterpriseValidation -->
      </class> <!-- testCases.TC_003_ForBusiness -->
    </test> <!-- Test -->
  </suite> <!-- Suite -->
</testng-results>
